<?xml version="1.0" encoding="UTF-8"?>
<!-- Generated by org.testng.reporters.JUnitXMLReporter -->
<testsuite ignored="0" hostname="Neelkant" failures="0" tests="7" name="Surefire test" time="0.083" errors="0" timestamp="2021-12-06T09:53:26 IST">
  <testcase classname="Shahabuddinpur.MavenJavaFirstProgram.appiumTest" name="MobileLogin6" time="0.006"/>
  <testcase classname="Shahabuddinpur.MavenJavaFirstProgram.appiumTest" name="MobileLogin7" time="0.0"/>
  <testcase classname="Shahabuddinpur.MavenJavaFirstProgram.seleniumTest" name="MobileLogin3" time="0.0"/>
  <testcase classname="Shahabuddinpur.MavenJavaFirstProgram.seleniumTest" name="MobileLogin4" time="0.0"/>
  <testcase classname="Shahabuddinpur.MavenJavaFirstProgram.seleniumTest" name="MobileLogin5" time="0.0"/>
  <testcase classname="Shahabuddinpur.MavenJavaFirstProgram.uiTest" name="MobileLogin" time="0.0"/>
  <testcase classname="Shahabuddinpur.MavenJavaFirstProgram.uiTest" name="MobileLogin2" time="0.0"/>
</testsuite> <!-- Surefire test -->
