<?xml version="1.0" encoding="UTF-8"?>
<testng-results ignored="0" total="7" passed="7" failed="0" skipped="0">
  <reporter-output>
  </reporter-output>
  <suite started-at="2021-12-06T09:53:25 IST" name="Surefire suite" finished-at="2021-12-06T09:53:25 IST" duration-ms="83">
    <groups>
    </groups>
    <test started-at="2021-12-06T09:53:25 IST" name="Surefire test" finished-at="2021-12-06T09:53:25 IST" duration-ms="83">
      <class name="Shahabuddinpur.MavenJavaFirstProgram.uiTest">
        <test-method signature="MobileLogin()[pri:0, instance:Shahabuddinpur.MavenJavaFirstProgram.uiTest@36fc695d]" started-at="2021-12-06T09:53:25 IST" name="MobileLogin" finished-at="2021-12-06T09:53:25 IST" duration-ms="0" status="PASS">
          <reporter-output>
          </reporter-output>
        </test-method> <!-- MobileLogin -->
        <test-method signature="MobileLogin2()[pri:0, instance:Shahabuddinpur.MavenJavaFirstProgram.uiTest@36fc695d]" started-at="2021-12-06T09:53:25 IST" name="MobileLogin2" finished-at="2021-12-06T09:53:25 IST" duration-ms="0" status="PASS">
          <reporter-output>
          </reporter-output>
        </test-method> <!-- MobileLogin2 -->
      </class> <!-- Shahabuddinpur.MavenJavaFirstProgram.uiTest -->
      <class name="Shahabuddinpur.MavenJavaFirstProgram.seleniumTest">
        <test-method signature="MobileLogin3()[pri:0, instance:Shahabuddinpur.MavenJavaFirstProgram.seleniumTest@2b71e916]" started-at="2021-12-06T09:53:25 IST" name="MobileLogin3" finished-at="2021-12-06T09:53:25 IST" duration-ms="0" status="PASS">
          <reporter-output>
          </reporter-output>
        </test-method> <!-- MobileLogin3 -->
        <test-method signature="MobileLogin4()[pri:0, instance:Shahabuddinpur.MavenJavaFirstProgram.seleniumTest@2b71e916]" started-at="2021-12-06T09:53:25 IST" name="MobileLogin4" finished-at="2021-12-06T09:53:25 IST" duration-ms="0" status="PASS">
          <reporter-output>
          </reporter-output>
        </test-method> <!-- MobileLogin4 -->
        <test-method signature="MobileLogin5()[pri:0, instance:Shahabuddinpur.MavenJavaFirstProgram.seleniumTest@2b71e916]" started-at="2021-12-06T09:53:25 IST" name="MobileLogin5" finished-at="2021-12-06T09:53:25 IST" duration-ms="0" status="PASS">
          <reporter-output>
          </reporter-output>
        </test-method> <!-- MobileLogin5 -->
      </class> <!-- Shahabuddinpur.MavenJavaFirstProgram.seleniumTest -->
      <class name="Shahabuddinpur.MavenJavaFirstProgram.appiumTest">
        <test-method signature="MobileLogin6()[pri:0, instance:Shahabuddinpur.MavenJavaFirstProgram.appiumTest@4218d6a3]" started-at="2021-12-06T09:53:25 IST" name="MobileLogin6" finished-at="2021-12-06T09:53:25 IST" duration-ms="6" status="PASS">
          <reporter-output>
          </reporter-output>
        </test-method> <!-- MobileLogin6 -->
        <test-method signature="MobileLogin7()[pri:0, instance:Shahabuddinpur.MavenJavaFirstProgram.appiumTest@4218d6a3]" started-at="2021-12-06T09:53:25 IST" name="MobileLogin7" finished-at="2021-12-06T09:53:25 IST" duration-ms="0" status="PASS">
          <reporter-output>
          </reporter-output>
        </test-method> <!-- MobileLogin7 -->
      </class> <!-- Shahabuddinpur.MavenJavaFirstProgram.appiumTest -->
    </test> <!-- Surefire test -->
  </suite> <!-- Surefire suite -->
</testng-results>
