<?xml version="1.0" encoding="UTF-8"?>
<testsuite xmlns:xsi="http://www.w3.org/2001/XMLSchema-instance" xsi:noNamespaceSchemaLocation="https://maven.apache.org/surefire/maven-surefire-plugin/xsd/surefire-test-report.xsd" name="TestSuite" time="6.312" tests="7" errors="0" skipped="0" failures="0">
  <properties>
[...]
</properties>
  <testcase name="MobileLogin6" classname="Shahabuddinpur.MavenJavaFirstProgram.appiumTest" time="0.007"/>
  <testcase name="MobileLogin7" classname="Shahabuddinpur.MavenJavaFirstProgram.appiumTest" time="0.001"/>
  <testcase name="MobileLogin3" classname="Shahabuddinpur.MavenJavaFirstProgram.seleniumTest" time="0.001"/>
  <testcase name="MobileLogin4" classname="Shahabuddinpur.MavenJavaFirstProgram.seleniumTest" time="0.001"/>
  <testcase name="MobileLogin5" classname="Shahabuddinpur.MavenJavaFirstProgram.seleniumTest" time="0.001"/>
  <testcase name="MobileLogin" classname="Shahabuddinpur.MavenJavaFirstProgram.uiTest" time="0"/>
  <testcase name="MobileLogin2" classname="Shahabuddinpur.MavenJavaFirstProgram.uiTest" time="0.001"/>
</testsuite>